[debug] [2021-05-03T02:38:51.676Z] ----------------------------------------------------------------------
[debug] [2021-05-03T02:38:51.678Z] Command:       C:\Program Files\nodejs\node.exe C:\Users\luisrdevy\AppData\Roaming\npm\node_modules\firebase-tools\lib\bin\firebase.js init
[debug] [2021-05-03T02:38:51.679Z] CLI Version:   9.10.0
[debug] [2021-05-03T02:38:51.679Z] Platform:      win32
[debug] [2021-05-03T02:38:51.679Z] Node Version:  v14.16.1
[debug] [2021-05-03T02:38:51.680Z] Time:          Sun May 02 2021 21:38:51 GMT-0500 (hora de verano central)
[debug] [2021-05-03T02:38:51.680Z] ----------------------------------------------------------------------
[debug] 
[debug] [2021-05-03T02:38:51.686Z] > command requires scopes: ["email","openid","https://www.googleapis.com/auth/cloudplatformprojects.readonly","https://www.googleapis.com/auth/firebase","https://www.googleapis.com/auth/cloud-platform"]
[debug] [2021-05-03T02:38:51.686Z] > authorizing via signed-in user (luisrdevy480@gmail.com)
[info] 
     ######## #### ########  ######## ########     ###     ######  ########
     ##        ##  ##     ## ##       ##     ##  ##   ##  ##       ##
     ######    ##  ########  ######   ########  #########  ######  ######
     ##        ##  ##    ##  ##       ##     ## ##     ##       ## ##
     ##       #### ##     ## ######## ########  ##     ##  ######  ########

You're about to initialize a Firebase project in this directory:

  C:\Users\luisrdevy\react\react-firebase-chat

[info] 
=== Project Setup
[info] 
[info] First, let's associate this project directory with a Firebase project.
[info] You can create multiple project aliases by running firebase use --add, 
[info] but for now we'll just set up a default project.
[info] 
[debug] [2021-05-03T02:39:22.983Z] >>> [apiv2][query] GET https://firebase.googleapis.com/v1beta1/projects pageSize=100
[debug] [2021-05-03T02:39:23.430Z] <<< [apiv2][status] GET https://firebase.googleapis.com/v1beta1/projects 200
[debug] [2021-05-03T02:39:23.431Z] <<< [apiv2][body] GET https://firebase.googleapis.com/v1beta1/projects [omitted]
[info] i  Using project react-firebase-chat-846db (react-firebase-chat) 
[info] 
=== Hosting Setup
[info] 
[info] Your public directory is the folder (relative to your project directory) that
[info] will contain Hosting assets to be uploaded with firebase deploy. If you
[info] have a build process for your assets, use your build's output directory.
[info] 
